0 info it worked if it ends with ok
1 verbose cli [ 'C:\\Program Files\\nodejs\\node.exe',
1 verbose cli   'C:\\Program Files\\nodejs\\node_modules\\npm\\bin\\npm-cli.js',
1 verbose cli   'run',
1 verbose cli   'test' ]
2 info using npm@3.10.3
3 info using node@v6.3.1
4 verbose run-script [ 'pretest', 'test', 'posttest' ]
5 info lifecycle chromath@0.0.7~pretest: chromath@0.0.7
6 silly lifecycle chromath@0.0.7~pretest: no script for pretest, continuing
7 info lifecycle chromath@0.0.7~test: chromath@0.0.7
8 verbose lifecycle chromath@0.0.7~test: unsafe-perm in lifecycle true
9 verbose lifecycle chromath@0.0.7~test: PATH: C:\Program Files\nodejs\node_modules\npm\bin\node-gyp-bin;C:\Users\acterhd\Documents\GitHub\chromath\node_modules\.bin;C:\Program Files\nodejs;C:\Program Files\NVIDIA GPU Computing Toolkit\CUDA\v8.0\bin;C:\Program Files\NVIDIA GPU Computing Toolkit\CUDA\v8.0\libnvvp;C:\Python27\;C:\Python27\Scripts;C:\ProgramData\Oracle\Java\javapath;C:\Windows\system32;C:\Windows;C:\Windows\System32\Wbem;C:\Windows\System32\WindowsPowerShell\v1.0\;C:\Program Files (x86)\NVIDIA Corporation\PhysX\Common;C:\Program Files (x86)\Windows Kits\10\Windows Performance Toolkit\;C:\Qt\5.6\msvc2015_64\bin;C:\Qt\Tools\QtCreator\bin;C:\Program Files\CMake\bin;C:\Program Files (x86)\Microsoft Visual Studio 14.0\VC\bin\amd64;C:\Program Files\Git\cmd;C:\Program Files (x86)\Skype\Phone\;C:\WINDOWS\system32;C:\WINDOWS;C:\WINDOWS\System32\Wbem;C:\WINDOWS\System32\WindowsPowerShell\v1.0\;C:\Ruby23-x64\bin;C:\Users\acterhd\AppData\Local\atom\bin;C:\Users\acterhd\AppData\Roaming\npm;C:\Users\acterhd\AppData\Local\Microsoft\WindowsApps;C:\Program Files (x86)\Minimal ADB and Fastboot;C:\Program Files\Microsoft SQL Server\110\Tools\Binn\;C:\Program Files (x86)\Microsoft SDKs\TypeScript\1.0\;C:\Program Files\MongoDB\Server\3.2\bin;C:\Program Files\nodejs\;C:\electron;C:\nwjs-sdk-v0.16.2-win-x64;
10 verbose lifecycle chromath@0.0.7~test: CWD: C:\Users\acterhd\Documents\GitHub\chromath
11 silly lifecycle chromath@0.0.7~test: Args: [ '/d /s /c', 'tap test/*.js' ]
12 silly lifecycle chromath@0.0.7~test: Returned: code: 1  signal: null
13 info lifecycle chromath@0.0.7~test: Failed to exec test script
14 verbose stack Error: chromath@0.0.7 test: `tap test/*.js`
14 verbose stack Exit status 1
14 verbose stack     at EventEmitter.<anonymous> (C:\Program Files\nodejs\node_modules\npm\lib\utils\lifecycle.js:242:16)
14 verbose stack     at emitTwo (events.js:106:13)
14 verbose stack     at EventEmitter.emit (events.js:191:7)
14 verbose stack     at ChildProcess.<anonymous> (C:\Program Files\nodejs\node_modules\npm\lib\utils\spawn.js:40:14)
14 verbose stack     at emitTwo (events.js:106:13)
14 verbose stack     at ChildProcess.emit (events.js:191:7)
14 verbose stack     at maybeClose (internal/child_process.js:852:16)
14 verbose stack     at Process.ChildProcess._handle.onexit (internal/child_process.js:215:5)
15 verbose pkgid chromath@0.0.7
16 verbose cwd C:\Users\acterhd\Documents\GitHub\chromath
17 error Windows_NT 10.0.14393
18 error argv "C:\\Program Files\\nodejs\\node.exe" "C:\\Program Files\\nodejs\\node_modules\\npm\\bin\\npm-cli.js" "run" "test"
19 error node v6.3.1
20 error npm  v3.10.3
21 error code ELIFECYCLE
22 error chromath@0.0.7 test: `tap test/*.js`
22 error Exit status 1
23 error Failed at the chromath@0.0.7 test script 'tap test/*.js'.
23 error Make sure you have the latest version of node.js and npm installed.
23 error If you do, this is most likely a problem with the chromath package,
23 error not with npm itself.
23 error Tell the author that this fails on your system:
23 error     tap test/*.js
23 error You can get information on how to open an issue for this project with:
23 error     npm bugs chromath
23 error Or if that isn't available, you can get their info via:
23 error     npm owner ls chromath
23 error There is likely additional logging output above.
24 verbose exit [ 1, true ]
